<?xml version="1.0" encoding="UTF-8"?>
<!-- Generated by org.testng.reporters.JUnitReportReporter -->
<testsuite hostname="MacBook-Air-2.local" failures="0" tests="1" name="testcases.DashboardTest" time="12.868" errors="0" timestamp="2025-06-03T18:14:23 IST" skipped="0">
  <testcase classname="testcases.DashboardTest" name="testSearchFunctionality" time="12.868"/>
</testsuite> <!-- testcases.DashboardTest -->
