<?xml version="1.0" encoding="UTF-8"?>
<!-- Generated by org.testng.reporters.JUnitReportReporter -->
<testsuite hostname="MacBook-Air-2.local" failures="0" tests="2" name="testcases.DashboardTest" time="37.012" errors="0" timestamp="2025-06-03T15:35:04 IST" skipped="0">
  <testcase classname="testcases.DashboardTest" name="testSearchFunctionality" time="21.036"/>
  <testcase classname="testcases.DashboardTest" name="testSearchFunctionality" time="15.976"/>
</testsuite> <!-- testcases.DashboardTest -->
