<?xml version="1.0" encoding="UTF-8"?>
<!-- Generated by org.testng.reporters.JUnitReportReporter -->
<testsuite hostname="MacBook-Air-2.local" failures="0" tests="4" name="testcases.DashboardTest" time="83.056" errors="0" timestamp="2025-06-04T21:27:41 IST" skipped="0">
  <testcase classname="testcases.DashboardTest" name="testSearchFunctionality" time="14.349"/>
  <testcase classname="testcases.DashboardTest" name="testSearchFunctionality" time="22.501"/>
  <testcase classname="testcases.DashboardTest" name="testSearchFunctionality" time="23.665"/>
  <testcase classname="testcases.DashboardTest" name="testSearchFunctionality" time="22.541"/>
</testsuite> <!-- testcases.DashboardTest -->
